events.js:292
      throw er; // Unhandled 'error' event
      ^

Error: EBADF: bad file descriptor, read
Emitted 'error' event on ReadStream instance at:
    at internal/fs/streams.js:202:14
    at FSReqCallback.wrapper [as oncomplete] (fs.js:539:5) {
  errno: -9,
  code: 'EBADF',
  syscall: 'read'
}
Opening in existing browser session.
OpenJDK 64-Bit Server VM warning: Option UseConcMarkSweepGC was deprecated in version 9.0 and will likely be removed in a future release.
[16896:16896:0416/102523.865104:ERROR:broker_posix.cc(43)] Invalid node channel message
[16892:16892:0100/000000.989268:ERROR:broker_posix.cc(43)] Invalid node channel message
2022-04-16 10:25:25,627 [    619]   WARN - llij.ide.plugins.PluginManager - Resource bundle redefinition for plugin 'com.jetbrains.pycharm.pro.customization'. Old value: messages.ActionsBundle, new value: messages.PyBundle 
WARNING: An illegal reflective access operation has occurred
WARNING: Illegal reflective access by com.intellij.util.ReflectionUtil to field sun.awt.X11.XToolkit.awtAppClassName
WARNING: Please consider reporting this to the maintainers of com.intellij.util.ReflectionUtil
WARNING: Use --illegal-access=warn to enable warnings of further illegal reflective access operations
WARNING: All illegal access operations will be denied in a future release
2022-04-16 10:25:28,247 [   3239]   WARN - nSystem.impl.ActionManagerImpl - keymap "Visual Studio" not found [Plugin: com.intellij] 
2022-04-16 10:25:28,266 [   3258]   WARN - nSystem.impl.ActionManagerImpl - keymap "Eclipse" not found [Plugin: com.intellij] 
2022-04-16 10:25:28,267 [   3259]   WARN - nSystem.impl.ActionManagerImpl - keymap "NetBeans 6.5" not found [Plugin: com.intellij] 
2022-04-16 10:25:28,267 [   3259]   WARN - nSystem.impl.ActionManagerImpl - keymap "Visual Studio" not found [Plugin: com.intellij] 
2022-04-16 10:25:28,299 [   3291]   WARN - nSystem.impl.ActionManagerImpl - keymap "Visual Studio" not found [Plugin: HtmlTools] 
2022-04-16 10:25:28,444 [   3436]   WARN - nSystem.impl.ActionManagerImpl - keymap "Eclipse" not found [Plugin: JavaScript] 
2022-04-16 10:25:28,444 [   3436]   WARN - nSystem.impl.ActionManagerImpl - keymap "Visual Studio" not found [Plugin: JavaScript] 
2022-04-16 10:25:28,565 [   3557]   WARN - nSystem.impl.ActionManagerImpl - keymap "Eclipse" not found [Plugin: Pythonid] 
2022-04-16 10:25:28,566 [   3558]   WARN - nSystem.impl.ActionManagerImpl - keymap "NetBeans 6.5" not found [Plugin: Pythonid] 
2022-04-16 10:25:28,569 [   3561]   WARN - nSystem.impl.ActionManagerImpl - keymap "Visual Studio" not found [Plugin: Pythonid] 
2022-04-16 10:25:28,570 [   3562]   WARN - nSystem.impl.ActionManagerImpl - keymap "Eclipse" not found [Plugin: Pythonid] 
